[08Dec2024 16:27:02.675] [main/INFO] [cpw.mods.modlauncher.Launcher/MODLAUNCHER]: ModLauncher running: args [--gameDir, ., --launchTarget, fmlserver, --fml.forgeVersion, 36.2.42, --fml.mcpVersion, 20210115.111550, --fml.mcVersion, 1.16.5, --fml.forgeGroup, net.minecraftforge, nogui]
[08Dec2024 16:27:02.681] [main/INFO] [cpw.mods.modlauncher.Launcher/MODLAUNCHER]: ModLauncher 8.1.3+8.1.3+main-8.1.x.c94d18ec starting: java version 11.0.25 by Ubuntu
[08Dec2024 16:27:03.095] [main/ERROR] [net.minecraftforge.fml.loading.ModDirTransformerDiscoverer/]: Zip Error when loading jar file /workspaces/Pablocraft-2/servidor_minecraft/mods/CraftTweaker-1.16.5-7.1.2.527.jar
java.util.zip.ZipException: zip END header not found
	at java.util.zip.ZipFile$Source.zerror(ZipFile.java:1776) ~[?:?]
	at java.util.zip.ZipFile$Source.findEND(ZipFile.java:1659) ~[?:?]
	at java.util.zip.ZipFile$Source.initCEN(ZipFile.java:1666) ~[?:?]
	at java.util.zip.ZipFile$Source.<init>(ZipFile.java:1470) ~[?:?]
	at java.util.zip.ZipFile$Source.get(ZipFile.java:1433) ~[?:?]
	at java.util.zip.ZipFile$CleanableResource.<init>(ZipFile.java:743) ~[?:?]
	at java.util.zip.ZipFile$CleanableResource.get(ZipFile.java:860) ~[?:?]
	at java.util.zip.ZipFile.<init>(ZipFile.java:258) ~[?:?]
	at java.util.zip.ZipFile.<init>(ZipFile.java:187) ~[?:?]
	at java.util.zip.ZipFile.<init>(ZipFile.java:201) ~[?:?]
	at net.minecraftforge.fml.loading.ModDirTransformerDiscoverer.visitFile(ModDirTransformerDiscoverer.java:61) ~[forge-1.16.5-36.2.42.jar:36.2]
	at java.util.stream.ForEachOps$ForEachOp$OfRef.accept(ForEachOps.java:183) ~[?:?]
	at java.util.stream.ReferencePipeline$3$1.accept(ReferencePipeline.java:195) ~[?:?]
	at java.util.Iterator.forEachRemaining(Iterator.java:133) ~[?:?]
	at java.util.Spliterators$IteratorSpliterator.forEachRemaining(Spliterators.java:1801) ~[?:?]
	at java.util.stream.AbstractPipeline.copyInto(AbstractPipeline.java:484) ~[?:?]
	at java.util.stream.AbstractPipeline.wrapAndCopyInto(AbstractPipeline.java:474) ~[?:?]
	at java.util.stream.ForEachOps$ForEachOp.evaluateSequential(ForEachOps.java:150) ~[?:?]
	at java.util.stream.ForEachOps$ForEachOp$OfRef.evaluateSequential(ForEachOps.java:173) ~[?:?]
	at java.util.stream.AbstractPipeline.evaluate(AbstractPipeline.java:234) ~[?:?]
	at java.util.stream.ReferencePipeline.forEach(ReferencePipeline.java:497) ~[?:?]
	at net.minecraftforge.fml.loading.ModDirTransformerDiscoverer.scan(ModDirTransformerDiscoverer.java:51) ~[forge-1.16.5-36.2.42.jar:36.2]
	at net.minecraftforge.fml.loading.ModDirTransformerDiscoverer.candidates(ModDirTransformerDiscoverer.java:23) ~[forge-1.16.5-36.2.42.jar:36.2]
	at cpw.mods.modlauncher.TransformationServicesHandler.lambda$discoverServices$13(TransformationServicesHandler.java:137) ~[modlauncher-8.1.3.jar:?]
	at java.util.stream.ReferencePipeline$3$1.accept(ReferencePipeline.java:195) [?:?]
	at java.util.Iterator.forEachRemaining(Iterator.java:133) [?:?]
	at java.util.Spliterators$IteratorSpliterator.forEachRemaining(Spliterators.java:1801) [?:?]
	at java.util.stream.AbstractPipeline.copyInto(AbstractPipeline.java:484) [?:?]
	at java.util.stream.AbstractPipeline.wrapAndCopyInto(AbstractPipeline.java:474) [?:?]
	at java.util.stream.ReduceOps$ReduceOp.evaluateSequential(ReduceOps.java:913) [?:?]
	at java.util.stream.AbstractPipeline.evaluate(AbstractPipeline.java:234) [?:?]
	at java.util.stream.ReferencePipeline.collect(ReferencePipeline.java:578) [?:?]
	at cpw.mods.modlauncher.TransformationServicesHandler.discoverServices(TransformationServicesHandler.java:137) [modlauncher-8.1.3.jar:?]
	at cpw.mods.modlauncher.Launcher.run(Launcher.java:75) [modlauncher-8.1.3.jar:?]
	at cpw.mods.modlauncher.Launcher.main(Launcher.java:66) [modlauncher-8.1.3.jar:?]
	at net.minecraftforge.server.ServerMain$Runner.runLauncher(ServerMain.java:49) [forge-1.16.5-36.2.42.jar:?]
	at net.minecraftforge.server.ServerMain$Runner.access$100(ServerMain.java:46) [forge-1.16.5-36.2.42.jar:?]
	at net.minecraftforge.server.ServerMain.main(ServerMain.java:43) [forge-1.16.5-36.2.42.jar:?]
[08Dec2024 16:27:03.205] [main/ERROR] [net.minecraftforge.fml.loading.ModDirTransformerDiscoverer/]: Zip Error when loading jar file /workspaces/Pablocraft-2/servidor_minecraft/mods/create-mc1.16.5_v0.3.2g.jar
java.util.zip.ZipException: zip END header not found
	at java.util.zip.ZipFile$Source.zerror(ZipFile.java:1776) ~[?:?]
	at java.util.zip.ZipFile$Source.findEND(ZipFile.java:1659) ~[?:?]
	at java.util.zip.ZipFile$Source.initCEN(ZipFile.java:1666) ~[?:?]
	at java.util.zip.ZipFile$Source.<init>(ZipFile.java:1470) ~[?:?]
	at java.util.zip.ZipFile$Source.get(ZipFile.java:1433) ~[?:?]
	at java.util.zip.ZipFile$CleanableResource.<init>(ZipFile.java:743) ~[?:?]
	at java.util.zip.ZipFile$CleanableResource.get(ZipFile.java:860) ~[?:?]
	at java.util.zip.ZipFile.<init>(ZipFile.java:258) ~[?:?]
	at java.util.zip.ZipFile.<init>(ZipFile.java:187) ~[?:?]
	at java.util.zip.ZipFile.<init>(ZipFile.java:201) ~[?:?]
	at net.minecraftforge.fml.loading.ModDirTransformerDiscoverer.visitFile(ModDirTransformerDiscoverer.java:61) ~[forge-1.16.5-36.2.42.jar:36.2]
	at java.util.stream.ForEachOps$ForEachOp$OfRef.accept(ForEachOps.java:183) ~[?:?]
	at java.util.stream.ReferencePipeline$3$1.accept(ReferencePipeline.java:195) ~[?:?]
	at java.util.Iterator.forEachRemaining(Iterator.java:133) ~[?:?]
	at java.util.Spliterators$IteratorSpliterator.forEachRemaining(Spliterators.java:1801) ~[?:?]
	at java.util.stream.AbstractPipeline.copyInto(AbstractPipeline.java:484) ~[?:?]
	at java.util.stream.AbstractPipeline.wrapAndCopyInto(AbstractPipeline.java:474) ~[?:?]
	at java.util.stream.ForEachOps$ForEachOp.evaluateSequential(ForEachOps.java:150) ~[?:?]
	at java.util.stream.ForEachOps$ForEachOp$OfRef.evaluateSequential(ForEachOps.java:173) ~[?:?]
	at java.util.stream.AbstractPipeline.evaluate(AbstractPipeline.java:234) ~[?:?]
	at java.util.stream.ReferencePipeline.forEach(ReferencePipeline.java:497) ~[?:?]
	at net.minecraftforge.fml.loading.ModDirTransformerDiscoverer.scan(ModDirTransformerDiscoverer.java:51) ~[forge-1.16.5-36.2.42.jar:36.2]
	at net.minecraftforge.fml.loading.ModDirTransformerDiscoverer.candidates(ModDirTransformerDiscoverer.java:23) ~[forge-1.16.5-36.2.42.jar:36.2]
	at cpw.mods.modlauncher.TransformationServicesHandler.lambda$discoverServices$13(TransformationServicesHandler.java:137) ~[modlauncher-8.1.3.jar:?]
	at java.util.stream.ReferencePipeline$3$1.accept(ReferencePipeline.java:195) [?:?]
	at java.util.Iterator.forEachRemaining(Iterator.java:133) [?:?]
	at java.util.Spliterators$IteratorSpliterator.forEachRemaining(Spliterators.java:1801) [?:?]
	at java.util.stream.AbstractPipeline.copyInto(AbstractPipeline.java:484) [?:?]
	at java.util.stream.AbstractPipeline.wrapAndCopyInto(AbstractPipeline.java:474) [?:?]
	at java.util.stream.ReduceOps$ReduceOp.evaluateSequential(ReduceOps.java:913) [?:?]
	at java.util.stream.AbstractPipeline.evaluate(AbstractPipeline.java:234) [?:?]
	at java.util.stream.ReferencePipeline.collect(ReferencePipeline.java:578) [?:?]
	at cpw.mods.modlauncher.TransformationServicesHandler.discoverServices(TransformationServicesHandler.java:137) [modlauncher-8.1.3.jar:?]
	at cpw.mods.modlauncher.Launcher.run(Launcher.java:75) [modlauncher-8.1.3.jar:?]
	at cpw.mods.modlauncher.Launcher.main(Launcher.java:66) [modlauncher-8.1.3.jar:?]
	at net.minecraftforge.server.ServerMain$Runner.runLauncher(ServerMain.java:49) [forge-1.16.5-36.2.42.jar:?]
	at net.minecraftforge.server.ServerMain$Runner.access$100(ServerMain.java:46) [forge-1.16.5-36.2.42.jar:?]
	at net.minecraftforge.server.ServerMain.main(ServerMain.java:43) [forge-1.16.5-36.2.42.jar:?]
[08Dec2024 16:27:03.335] [main/ERROR] [net.minecraftforge.fml.loading.ModDirTransformerDiscoverer/]: Zip Error when loading jar file /workspaces/Pablocraft-2/servidor_minecraft/mods/cofh_core-1.16.5-1.5.2.22.jar
java.util.zip.ZipException: zip END header not found
	at java.util.zip.ZipFile$Source.zerror(ZipFile.java:1776) ~[?:?]
	at java.util.zip.ZipFile$Source.findEND(ZipFile.java:1659) ~[?:?]
	at java.util.zip.ZipFile$Source.initCEN(ZipFile.java:1666) ~[?:?]
	at java.util.zip.ZipFile$Source.<init>(ZipFile.java:1470) ~[?:?]
	at java.util.zip.ZipFile$Source.get(ZipFile.java:1433) ~[?:?]
	at java.util.zip.ZipFile$CleanableResource.<init>(ZipFile.java:743) ~[?:?]
	at java.util.zip.ZipFile$CleanableResource.get(ZipFile.java:860) ~[?:?]
	at java.util.zip.ZipFile.<init>(ZipFile.java:258) ~[?:?]
	at java.util.zip.ZipFile.<init>(ZipFile.java:187) ~[?:?]
	at java.util.zip.ZipFile.<init>(ZipFile.java:201) ~[?:?]
	at net.minecraftforge.fml.loading.ModDirTransformerDiscoverer.visitFile(ModDirTransformerDiscoverer.java:61) ~[forge-1.16.5-36.2.42.jar:36.2]
	at java.util.stream.ForEachOps$ForEachOp$OfRef.accept(ForEachOps.java:183) ~[?:?]
	at java.util.stream.ReferencePipeline$3$1.accept(ReferencePipeline.java:195) ~[?:?]
	at java.util.Iterator.forEachRemaining(Iterator.java:133) ~[?:?]
	at java.util.Spliterators$IteratorSpliterator.forEachRemaining(Spliterators.java:1801) ~[?:?]
	at java.util.stream.AbstractPipeline.copyInto(AbstractPipeline.java:484) ~[?:?]
	at java.util.stream.AbstractPipeline.wrapAndCopyInto(AbstractPipeline.java:474) ~[?:?]
	at java.util.stream.ForEachOps$ForEachOp.evaluateSequential(ForEachOps.java:150) ~[?:?]
	at java.util.stream.ForEachOps$ForEachOp$OfRef.evaluateSequential(ForEachOps.java:173) ~[?:?]
	at java.util.stream.AbstractPipeline.evaluate(AbstractPipeline.java:234) ~[?:?]
	at java.util.stream.ReferencePipeline.forEach(ReferencePipeline.java:497) ~[?:?]
	at net.minecraftforge.fml.loading.ModDirTransformerDiscoverer.scan(ModDirTransformerDiscoverer.java:51) ~[forge-1.16.5-36.2.42.jar:36.2]
	at net.minecraftforge.fml.loading.ModDirTransformerDiscoverer.candidates(ModDirTransformerDiscoverer.java:23) ~[forge-1.16.5-36.2.42.jar:36.2]
	at cpw.mods.modlauncher.TransformationServicesHandler.lambda$discoverServices$13(TransformationServicesHandler.java:137) ~[modlauncher-8.1.3.jar:?]
	at java.util.stream.ReferencePipeline$3$1.accept(ReferencePipeline.java:195) [?:?]
	at java.util.Iterator.forEachRemaining(Iterator.java:133) [?:?]
	at java.util.Spliterators$IteratorSpliterator.forEachRemaining(Spliterators.java:1801) [?:?]
	at java.util.stream.AbstractPipeline.copyInto(AbstractPipeline.java:484) [?:?]
	at java.util.stream.AbstractPipeline.wrapAndCopyInto(AbstractPipeline.java:474) [?:?]
	at java.util.stream.ReduceOps$ReduceOp.evaluateSequential(ReduceOps.java:913) [?:?]
	at java.util.stream.AbstractPipeline.evaluate(AbstractPipeline.java:234) [?:?]
	at java.util.stream.ReferencePipeline.collect(ReferencePipeline.java:578) [?:?]
	at cpw.mods.modlauncher.TransformationServicesHandler.discoverServices(TransformationServicesHandler.java:137) [modlauncher-8.1.3.jar:?]
	at cpw.mods.modlauncher.Launcher.run(Launcher.java:75) [modlauncher-8.1.3.jar:?]
	at cpw.mods.modlauncher.Launcher.main(Launcher.java:66) [modlauncher-8.1.3.jar:?]
	at net.minecraftforge.server.ServerMain$Runner.runLauncher(ServerMain.java:49) [forge-1.16.5-36.2.42.jar:?]
	at net.minecraftforge.server.ServerMain$Runner.access$100(ServerMain.java:46) [forge-1.16.5-36.2.42.jar:?]
	at net.minecraftforge.server.ServerMain.main(ServerMain.java:43) [forge-1.16.5-36.2.42.jar:?]
[08Dec2024 16:27:03.454] [main/ERROR] [net.minecraftforge.fml.loading.ModDirTransformerDiscoverer/]: Zip Error when loading jar file /workspaces/Pablocraft-2/servidor_minecraft/mods/Bossominium-U-16-1.16.5.jar
java.util.zip.ZipException: zip END header not found
	at java.util.zip.ZipFile$Source.zerror(ZipFile.java:1776) ~[?:?]
	at java.util.zip.ZipFile$Source.findEND(ZipFile.java:1659) ~[?:?]
	at java.util.zip.ZipFile$Source.initCEN(ZipFile.java:1666) ~[?:?]
	at java.util.zip.ZipFile$Source.<init>(ZipFile.java:1470) ~[?:?]
	at java.util.zip.ZipFile$Source.get(ZipFile.java:1433) ~[?:?]
	at java.util.zip.ZipFile$CleanableResource.<init>(ZipFile.java:743) ~[?:?]
	at java.util.zip.ZipFile$CleanableResource.get(ZipFile.java:860) ~[?:?]
	at java.util.zip.ZipFile.<init>(ZipFile.java:258) ~[?:?]
	at java.util.zip.ZipFile.<init>(ZipFile.java:187) ~[?:?]
	at java.util.zip.ZipFile.<init>(ZipFile.java:201) ~[?:?]
	at net.minecraftforge.fml.loading.ModDirTransformerDiscoverer.visitFile(ModDirTransformerDiscoverer.java:61) ~[forge-1.16.5-36.2.42.jar:36.2]
	at java.util.stream.ForEachOps$ForEachOp$OfRef.accept(ForEachOps.java:183) ~[?:?]
	at java.util.stream.ReferencePipeline$3$1.accept(ReferencePipeline.java:195) ~[?:?]
	at java.util.Iterator.forEachRemaining(Iterator.java:133) ~[?:?]
	at java.util.Spliterators$IteratorSpliterator.forEachRemaining(Spliterators.java:1801) ~[?:?]
	at java.util.stream.AbstractPipeline.copyInto(AbstractPipeline.java:484) ~[?:?]
	at java.util.stream.AbstractPipeline.wrapAndCopyInto(AbstractPipeline.java:474) ~[?:?]
	at java.util.stream.ForEachOps$ForEachOp.evaluateSequential(ForEachOps.java:150) ~[?:?]
	at java.util.stream.ForEachOps$ForEachOp$OfRef.evaluateSequential(ForEachOps.java:173) ~[?:?]
	at java.util.stream.AbstractPipeline.evaluate(AbstractPipeline.java:234) ~[?:?]
	at java.util.stream.ReferencePipeline.forEach(ReferencePipeline.java:497) ~[?:?]
	at net.minecraftforge.fml.loading.ModDirTransformerDiscoverer.scan(ModDirTransformerDiscoverer.java:51) ~[forge-1.16.5-36.2.42.jar:36.2]
	at net.minecraftforge.fml.loading.ModDirTransformerDiscoverer.candidates(ModDirTransformerDiscoverer.java:23) ~[forge-1.16.5-36.2.42.jar:36.2]
	at cpw.mods.modlauncher.TransformationServicesHandler.lambda$discoverServices$13(TransformationServicesHandler.java:137) ~[modlauncher-8.1.3.jar:?]
	at java.util.stream.ReferencePipeline$3$1.accept(ReferencePipeline.java:195) [?:?]
	at java.util.Iterator.forEachRemaining(Iterator.java:133) [?:?]
	at java.util.Spliterators$IteratorSpliterator.forEachRemaining(Spliterators.java:1801) [?:?]
	at java.util.stream.AbstractPipeline.copyInto(AbstractPipeline.java:484) [?:?]
	at java.util.stream.AbstractPipeline.wrapAndCopyInto(AbstractPipeline.java:474) [?:?]
	at java.util.stream.ReduceOps$ReduceOp.evaluateSequential(ReduceOps.java:913) [?:?]
	at java.util.stream.AbstractPipeline.evaluate(AbstractPipeline.java:234) [?:?]
	at java.util.stream.ReferencePipeline.collect(ReferencePipeline.java:578) [?:?]
	at cpw.mods.modlauncher.TransformationServicesHandler.discoverServices(TransformationServicesHandler.java:137) [modlauncher-8.1.3.jar:?]
	at cpw.mods.modlauncher.Launcher.run(Launcher.java:75) [modlauncher-8.1.3.jar:?]
	at cpw.mods.modlauncher.Launcher.main(Launcher.java:66) [modlauncher-8.1.3.jar:?]
	at net.minecraftforge.server.ServerMain$Runner.runLauncher(ServerMain.java:49) [forge-1.16.5-36.2.42.jar:?]
	at net.minecraftforge.server.ServerMain$Runner.access$100(ServerMain.java:46) [forge-1.16.5-36.2.42.jar:?]
	at net.minecraftforge.server.ServerMain.main(ServerMain.java:43) [forge-1.16.5-36.2.42.jar:?]
[08Dec2024 16:27:03.593] [main/ERROR] [net.minecraftforge.fml.loading.ModDirTransformerDiscoverer/]: Zip Error when loading jar file /workspaces/Pablocraft-2/servidor_minecraft/mods/byg-1.3.5.jar
java.util.zip.ZipException: zip END header not found
	at java.util.zip.ZipFile$Source.zerror(ZipFile.java:1776) ~[?:?]
	at java.util.zip.ZipFile$Source.findEND(ZipFile.java:1659) ~[?:?]
	at java.util.zip.ZipFile$Source.initCEN(ZipFile.java:1666) ~[?:?]
	at java.util.zip.ZipFile$Source.<init>(ZipFile.java:1470) ~[?:?]
	at java.util.zip.ZipFile$Source.get(ZipFile.java:1433) ~[?:?]
	at java.util.zip.ZipFile$CleanableResource.<init>(ZipFile.java:743) ~[?:?]
	at java.util.zip.ZipFile$CleanableResource.get(ZipFile.java:860) ~[?:?]
	at java.util.zip.ZipFile.<init>(ZipFile.java:258) ~[?:?]
	at java.util.zip.ZipFile.<init>(ZipFile.java:187) ~[?:?]
	at java.util.zip.ZipFile.<init>(ZipFile.java:201) ~[?:?]
	at net.minecraftforge.fml.loading.ModDirTransformerDiscoverer.visitFile(ModDirTransformerDiscoverer.java:61) ~[forge-1.16.5-36.2.42.jar:36.2]
	at java.util.stream.ForEachOps$ForEachOp$OfRef.accept(ForEachOps.java:183) ~[?:?]
	at java.util.stream.ReferencePipeline$3$1.accept(ReferencePipeline.java:195) ~[?:?]
	at java.util.Iterator.forEachRemaining(Iterator.java:133) ~[?:?]
	at java.util.Spliterators$IteratorSpliterator.forEachRemaining(Spliterators.java:1801) ~[?:?]
	at java.util.stream.AbstractPipeline.copyInto(AbstractPipeline.java:484) ~[?:?]
	at java.util.stream.AbstractPipeline.wrapAndCopyInto(AbstractPipeline.java:474) ~[?:?]
	at java.util.stream.ForEachOps$ForEachOp.evaluateSequential(ForEachOps.java:150) ~[?:?]
	at java.util.stream.ForEachOps$ForEachOp$OfRef.evaluateSequential(ForEachOps.java:173) ~[?:?]
	at java.util.stream.AbstractPipeline.evaluate(AbstractPipeline.java:234) ~[?:?]
	at java.util.stream.ReferencePipeline.forEach(ReferencePipeline.java:497) ~[?:?]
	at net.minecraftforge.fml.loading.ModDirTransformerDiscoverer.scan(ModDirTransformerDiscoverer.java:51) ~[forge-1.16.5-36.2.42.jar:36.2]
	at net.minecraftforge.fml.loading.ModDirTransformerDiscoverer.candidates(ModDirTransformerDiscoverer.java:23) ~[forge-1.16.5-36.2.42.jar:36.2]
	at cpw.mods.modlauncher.TransformationServicesHandler.lambda$discoverServices$13(TransformationServicesHandler.java:137) ~[modlauncher-8.1.3.jar:?]
	at java.util.stream.ReferencePipeline$3$1.accept(ReferencePipeline.java:195) [?:?]
	at java.util.Iterator.forEachRemaining(Iterator.java:133) [?:?]
	at java.util.Spliterators$IteratorSpliterator.forEachRemaining(Spliterators.java:1801) [?:?]
	at java.util.stream.AbstractPipeline.copyInto(AbstractPipeline.java:484) [?:?]
	at java.util.stream.AbstractPipeline.wrapAndCopyInto(AbstractPipeline.java:474) [?:?]
	at java.util.stream.ReduceOps$ReduceOp.evaluateSequential(ReduceOps.java:913) [?:?]
	at java.util.stream.AbstractPipeline.evaluate(AbstractPipeline.java:234) [?:?]
	at java.util.stream.ReferencePipeline.collect(ReferencePipeline.java:578) [?:?]
	at cpw.mods.modlauncher.TransformationServicesHandler.discoverServices(TransformationServicesHandler.java:137) [modlauncher-8.1.3.jar:?]
	at cpw.mods.modlauncher.Launcher.run(Launcher.java:75) [modlauncher-8.1.3.jar:?]
	at cpw.mods.modlauncher.Launcher.main(Launcher.java:66) [modlauncher-8.1.3.jar:?]
	at net.minecraftforge.server.ServerMain$Runner.runLauncher(ServerMain.java:49) [forge-1.16.5-36.2.42.jar:?]
	at net.minecraftforge.server.ServerMain$Runner.access$100(ServerMain.java:46) [forge-1.16.5-36.2.42.jar:?]
	at net.minecraftforge.server.ServerMain.main(ServerMain.java:43) [forge-1.16.5-36.2.42.jar:?]
[08Dec2024 16:27:03.695] [main/ERROR] [net.minecraftforge.fml.loading.ModDirTransformerDiscoverer/]: Zip Error when loading jar file /workspaces/Pablocraft-2/servidor_minecraft/mods/chipped-1.16.5-1.2.1-forge.jar
java.util.zip.ZipException: zip END header not found
	at java.util.zip.ZipFile$Source.zerror(ZipFile.java:1776) ~[?:?]
	at java.util.zip.ZipFile$Source.findEND(ZipFile.java:1659) ~[?:?]
	at java.util.zip.ZipFile$Source.initCEN(ZipFile.java:1666) ~[?:?]
	at java.util.zip.ZipFile$Source.<init>(ZipFile.java:1470) ~[?:?]
	at java.util.zip.ZipFile$Source.get(ZipFile.java:1433) ~[?:?]
	at java.util.zip.ZipFile$CleanableResource.<init>(ZipFile.java:743) ~[?:?]
	at java.util.zip.ZipFile$CleanableResource.get(ZipFile.java:860) ~[?:?]
	at java.util.zip.ZipFile.<init>(ZipFile.java:258) ~[?:?]
	at java.util.zip.ZipFile.<init>(ZipFile.java:187) ~[?:?]
	at java.util.zip.ZipFile.<init>(ZipFile.java:201) ~[?:?]
	at net.minecraftforge.fml.loading.ModDirTransformerDiscoverer.visitFile(ModDirTransformerDiscoverer.java:61) ~[forge-1.16.5-36.2.42.jar:36.2]
	at java.util.stream.ForEachOps$ForEachOp$OfRef.accept(ForEachOps.java:183) ~[?:?]
	at java.util.stream.ReferencePipeline$3$1.accept(ReferencePipeline.java:195) ~[?:?]
	at java.util.Iterator.forEachRemaining(Iterator.java:133) ~[?:?]
	at java.util.Spliterators$IteratorSpliterator.forEachRemaining(Spliterators.java:1801) ~[?:?]
	at java.util.stream.AbstractPipeline.copyInto(AbstractPipeline.java:484) ~[?:?]
	at java.util.stream.AbstractPipeline.wrapAndCopyInto(AbstractPipeline.java:474) ~[?:?]
	at java.util.stream.ForEachOps$ForEachOp.evaluateSequential(ForEachOps.java:150) ~[?:?]
	at java.util.stream.ForEachOps$ForEachOp$OfRef.evaluateSequential(ForEachOps.java:173) ~[?:?]
	at java.util.stream.AbstractPipeline.evaluate(AbstractPipeline.java:234) ~[?:?]
	at java.util.stream.ReferencePipeline.forEach(ReferencePipeline.java:497) ~[?:?]
	at net.minecraftforge.fml.loading.ModDirTransformerDiscoverer.scan(ModDirTransformerDiscoverer.java:51) ~[forge-1.16.5-36.2.42.jar:36.2]
	at net.minecraftforge.fml.loading.ModDirTransformerDiscoverer.candidates(ModDirTransformerDiscoverer.java:23) ~[forge-1.16.5-36.2.42.jar:36.2]
	at cpw.mods.modlauncher.TransformationServicesHandler.lambda$discoverServices$13(TransformationServicesHandler.java:137) ~[modlauncher-8.1.3.jar:?]
	at java.util.stream.ReferencePipeline$3$1.accept(ReferencePipeline.java:195) [?:?]
	at java.util.Iterator.forEachRemaining(Iterator.java:133) [?:?]
	at java.util.Spliterators$IteratorSpliterator.forEachRemaining(Spliterators.java:1801) [?:?]
	at java.util.stream.AbstractPipeline.copyInto(AbstractPipeline.java:484) [?:?]
	at java.util.stream.AbstractPipeline.wrapAndCopyInto(AbstractPipeline.java:474) [?:?]
	at java.util.stream.ReduceOps$ReduceOp.evaluateSequential(ReduceOps.java:913) [?:?]
	at java.util.stream.AbstractPipeline.evaluate(AbstractPipeline.java:234) [?:?]
	at java.util.stream.ReferencePipeline.collect(ReferencePipeline.java:578) [?:?]
	at cpw.mods.modlauncher.TransformationServicesHandler.discoverServices(TransformationServicesHandler.java:137) [modlauncher-8.1.3.jar:?]
	at cpw.mods.modlauncher.Launcher.run(Launcher.java:75) [modlauncher-8.1.3.jar:?]
	at cpw.mods.modlauncher.Launcher.main(Launcher.java:66) [modlauncher-8.1.3.jar:?]
	at net.minecraftforge.server.ServerMain$Runner.runLauncher(ServerMain.java:49) [forge-1.16.5-36.2.42.jar:?]
	at net.minecraftforge.server.ServerMain$Runner.access$100(ServerMain.java:46) [forge-1.16.5-36.2.42.jar:?]
	at net.minecraftforge.server.ServerMain.main(ServerMain.java:43) [forge-1.16.5-36.2.42.jar:?]
[08Dec2024 16:27:03.868] [main/INFO] [optifine.OptiFineTransformationService/]: OptiFineTransformationService.onLoad
[08Dec2024 16:27:03.872] [main/INFO] [optifine.OptiFineTransformationService/]: OptiFine ZIP file: /workspaces/Pablocraft-2/servidor_minecraft/mods/OptiFine-1.16.5_HD_U_G8_pre2.jar
[08Dec2024 16:27:03.879] [main/INFO] [optifine.OptiFineTransformer/]: Target.PRE_CLASS is available
[08Dec2024 16:27:04.198] [main/INFO] [net.minecraftforge.fml.loading.FixSSL/CORE]: Added Lets Encrypt root certificates as additional trust
[08Dec2024 16:27:04.329] [main/INFO] [mixin/]: SpongePowered MIXIN Subsystem Version=0.8.4 Source=file:/workspaces/Pablocraft-2/servidor_minecraft/libraries/org/spongepowered/mixin/0.8.4/mixin-0.8.4.jar Service=ModLauncher Env=SERVER
[08Dec2024 16:27:04.345] [main/INFO] [optifine.OptiFineTransformationService/]: OptiFineTransformationService.initialize
[08Dec2024 16:27:05.459] [main/WARN] [net.minecraftforge.fml.loading.moddiscovery.ModDiscoverer/SCAN]: File /workspaces/Pablocraft-2/servidor_minecraft/mods/Bossominium-U-16-1.16.5.jar has been ignored - it is invalid
[08Dec2024 16:27:05.460] [main/WARN] [net.minecraftforge.fml.loading.moddiscovery.ModDiscoverer/SCAN]: File /workspaces/Pablocraft-2/servidor_minecraft/mods/byg-1.3.5.jar has been ignored - it is invalid
[08Dec2024 16:27:05.493] [main/WARN] [net.minecraftforge.fml.loading.moddiscovery.ModDiscoverer/SCAN]: File /workspaces/Pablocraft-2/servidor_minecraft/mods/chipped-1.16.5-1.2.1-forge.jar has been ignored - it is invalid
[08Dec2024 16:27:05.521] [main/WARN] [net.minecraftforge.fml.loading.moddiscovery.ModDiscoverer/SCAN]: File /workspaces/Pablocraft-2/servidor_minecraft/mods/cofh_core-1.16.5-1.5.2.22.jar has been ignored - it is invalid
[08Dec2024 16:27:05.533] [main/WARN] [net.minecraftforge.fml.loading.moddiscovery.ModDiscoverer/SCAN]: File /workspaces/Pablocraft-2/servidor_minecraft/mods/CraftTweaker-1.16.5-7.1.2.527.jar has been ignored - it is invalid
[08Dec2024 16:27:05.534] [main/WARN] [net.minecraftforge.fml.loading.moddiscovery.ModDiscoverer/SCAN]: File /workspaces/Pablocraft-2/servidor_minecraft/mods/create-mc1.16.5_v0.3.2g.jar has been ignored - it is invalid
[08Dec2024 16:27:06.329] [main/INFO] [STDERR/]: [jdk.nashorn.api.scripting.NashornScriptEngine:<init>:143]: Warning: Nashorn engine is planned to be removed from a future JDK release
[08Dec2024 16:27:06.523] [main/INFO] [STDERR/]: [jdk.nashorn.api.scripting.NashornScriptEngine:<init>:143]: Warning: Nashorn engine is planned to be removed from a future JDK release
[08Dec2024 16:27:06.540] [main/INFO] [STDERR/]: [jdk.nashorn.api.scripting.NashornScriptEngine:<init>:143]: Warning: Nashorn engine is planned to be removed from a future JDK release
[08Dec2024 16:27:06.840] [main/INFO] [optifine.OptiFineTransformationService/]: OptiFineTransformationService.transformers
[08Dec2024 16:27:06.863] [main/INFO] [optifine.OptiFineTransformer/]: Targets: 308
[08Dec2024 16:27:09.243] [main/INFO] [optifine.OptiFineTransformationService/]: additionalClassesLocator: [optifine., net.optifine.]
[08Dec2024 16:27:09.290] [main/INFO] [cpw.mods.modlauncher.LaunchServiceHandler/MODLAUNCHER]: Launching target 'fmlserver' with arguments [--gameDir, ., nogui]
[08Dec2024 16:27:10.101] [main/FATAL] [net.minecraftforge.fml.loading.RuntimeDistCleaner/DISTXFORM]: Attempted to load class net/minecraft/client/gui/screen/Screen for invalid dist DEDICATED_SERVER
[08Dec2024 16:27:10.103] [main/INFO] [STDERR/]: [java.lang.ThreadGroup:uncaughtException:1050]: java.lang.RuntimeException: java.lang.reflect.InvocationTargetException
[08Dec2024 16:27:10.104] [main/INFO] [STDERR/]: [java.lang.ThreadGroup:uncaughtException:1050]: 	at cpw.mods.modlauncher.LaunchServiceHandlerDecorator.launch(LaunchServiceHandlerDecorator.java:39)
[08Dec2024 16:27:10.105] [main/INFO] [STDERR/]: [java.lang.ThreadGroup:uncaughtException:1050]: 	at cpw.mods.modlauncher.LaunchServiceHandler.launch(LaunchServiceHandler.java:54)
[08Dec2024 16:27:10.105] [main/INFO] [STDERR/]: [java.lang.ThreadGroup:uncaughtException:1050]: 	at cpw.mods.modlauncher.LaunchServiceHandler.launch(LaunchServiceHandler.java:72)
[08Dec2024 16:27:10.106] [main/INFO] [STDERR/]: [java.lang.ThreadGroup:uncaughtException:1050]: 	at cpw.mods.modlauncher.Launcher.run(Launcher.java:82)
[08Dec2024 16:27:10.107] [main/INFO] [STDERR/]: [java.lang.ThreadGroup:uncaughtException:1050]: 	at cpw.mods.modlauncher.Launcher.main(Launcher.java:66)
[08Dec2024 16:27:10.108] [main/INFO] [STDERR/]: [java.lang.ThreadGroup:uncaughtException:1050]: 	at net.minecraftforge.server.ServerMain$Runner.runLauncher(ServerMain.java:49)
[08Dec2024 16:27:10.108] [main/INFO] [STDERR/]: [java.lang.ThreadGroup:uncaughtException:1050]: 	at net.minecraftforge.server.ServerMain$Runner.access$100(ServerMain.java:46)
[08Dec2024 16:27:10.110] [main/INFO] [STDERR/]: [java.lang.ThreadGroup:uncaughtException:1050]: 	at net.minecraftforge.server.ServerMain.main(ServerMain.java:43)
[08Dec2024 16:27:10.111] [main/INFO] [STDERR/]: [java.lang.ThreadGroup:uncaughtException:1059]: Caused by: java.lang.reflect.InvocationTargetException
[08Dec2024 16:27:10.111] [main/INFO] [STDERR/]: [java.lang.ThreadGroup:uncaughtException:1059]: 	at java.base/jdk.internal.reflect.NativeMethodAccessorImpl.invoke0(Native Method)
[08Dec2024 16:27:10.118] [main/INFO] [STDERR/]: [java.lang.ThreadGroup:uncaughtException:1059]: 	at java.base/jdk.internal.reflect.NativeMethodAccessorImpl.invoke(NativeMethodAccessorImpl.java:62)
[08Dec2024 16:27:10.119] [main/INFO] [STDERR/]: [java.lang.ThreadGroup:uncaughtException:1059]: 	at java.base/jdk.internal.reflect.DelegatingMethodAccessorImpl.invoke(DelegatingMethodAccessorImpl.java:43)
[08Dec2024 16:27:10.119] [main/INFO] [STDERR/]: [java.lang.ThreadGroup:uncaughtException:1059]: 	at java.base/java.lang.reflect.Method.invoke(Method.java:566)
[08Dec2024 16:27:10.120] [main/INFO] [STDERR/]: [java.lang.ThreadGroup:uncaughtException:1059]: 	at net.minecraftforge.fml.loading.FMLServerLaunchProvider.lambda$launchService$0(FMLServerLaunchProvider.java:37)
[08Dec2024 16:27:10.120] [main/INFO] [STDERR/]: [java.lang.ThreadGroup:uncaughtException:1059]: 	at cpw.mods.modlauncher.LaunchServiceHandlerDecorator.launch(LaunchServiceHandlerDecorator.java:37)
[08Dec2024 16:27:10.121] [main/INFO] [STDERR/]: [java.lang.ThreadGroup:uncaughtException:1059]: 	... 7 more
[08Dec2024 16:27:10.122] [main/INFO] [STDERR/]: [java.lang.Throwable:printStackTrace:648]: Caused by: java.lang.ExceptionInInitializerError
[08Dec2024 16:27:10.122] [main/INFO] [STDERR/]: [java.lang.Throwable:printStackTrace:648]: 	at net.minecraft.crash.CrashReport.func_71504_g(CrashReport.java:101)
[08Dec2024 16:27:10.123] [main/INFO] [STDERR/]: [java.lang.Throwable:printStackTrace:648]: 	at net.minecraft.crash.CrashReport.<init>(CrashReport.java:54)
[08Dec2024 16:27:10.124] [main/INFO] [STDERR/]: [java.lang.Throwable:printStackTrace:648]: 	at net.minecraft.crash.CrashReport.func_230188_h_(CrashReport.java:425)
[08Dec2024 16:27:10.125] [main/INFO] [STDERR/]: [java.lang.Throwable:printStackTrace:648]: 	at net.minecraft.server.Main.main(Main.java:91)
[08Dec2024 16:27:10.126] [main/INFO] [STDERR/]: [java.lang.Throwable:printStackTrace:648]: 	... 13 more
[08Dec2024 16:27:10.127] [main/INFO] [STDERR/]: [java.lang.Throwable:printStackTrace:671]: Caused by: java.lang.RuntimeException: Attempted to load class net/minecraft/client/gui/screen/Screen for invalid dist DEDICATED_SERVER
[08Dec2024 16:27:10.132] [main/INFO] [STDERR/]: [java.lang.Throwable:printStackTrace:671]: 	at net.minecraftforge.fml.loading.RuntimeDistCleaner.processClassWithFlags(RuntimeDistCleaner.java:57)
[08Dec2024 16:27:10.135] [main/INFO] [STDERR/]: [java.lang.Throwable:printStackTrace:671]: 	at cpw.mods.modlauncher.LaunchPluginHandler.offerClassNodeToPlugins(LaunchPluginHandler.java:85)
[08Dec2024 16:27:10.135] [main/INFO] [STDERR/]: [java.lang.Throwable:printStackTrace:671]: 	at cpw.mods.modlauncher.ClassTransformer.transform(ClassTransformer.java:120)
[08Dec2024 16:27:10.136] [main/INFO] [STDERR/]: [java.lang.Throwable:printStackTrace:671]: 	at cpw.mods.modlauncher.TransformingClassLoader$DelegatedClassLoader.findClass(TransformingClassLoader.java:265)
[08Dec2024 16:27:10.137] [main/INFO] [STDERR/]: [java.lang.Throwable:printStackTrace:671]: 	at cpw.mods.modlauncher.TransformingClassLoader.loadClass(TransformingClassLoader.java:136)
[08Dec2024 16:27:10.139] [main/INFO] [STDERR/]: [java.lang.Throwable:printStackTrace:671]: 	at cpw.mods.modlauncher.TransformingClassLoader.loadClass(TransformingClassLoader.java:98)
[08Dec2024 16:27:10.140] [main/INFO] [STDERR/]: [java.lang.Throwable:printStackTrace:671]: 	at java.base/java.lang.ClassLoader.loadClass(ClassLoader.java:527)
[08Dec2024 16:27:10.140] [main/INFO] [STDERR/]: [java.lang.Throwable:printStackTrace:671]: 	at net.optifine.reflect.Reflector.<clinit>(Reflector.java:185)
[08Dec2024 16:27:10.140] [main/INFO] [STDERR/]: [java.lang.Throwable:printStackTrace:671]: 	... 17 more
